Using pre-set license
Built from '2020.2/release' branch; Version is '2020.2.1f1 (270dd8c3da1c) revision 2559448'; Using compiler version '192528614'; Build Type 'Release'
OS: 'Windows 10  (10.0.0) 64bit' Language: 'en' Physical Memory: 16257 MB
BatchMode: 1, IsHumanControllingUs: 0, StartBugReporterOnCrash: 0, Is64bit: 1, IsPro: 0

 COMMAND LINE ARGUMENTS:
D:\Unity\2020.2.1f1\Editor\Unity.exe
-adb2
-batchMode
-noUpm
-name
AssetImportWorker0
-projectPath
D:/Unity Projects/Mundane-Sports
-logFile
Logs/AssetImportWorker0.log
-srvPort
52977
Successfully changed project path to: D:/Unity Projects/Mundane-Sports
D:/Unity Projects/Mundane-Sports
Using Asset Import Pipeline V2.
Refreshing native plugins compatible for Editor in 31.90 ms, found 0 plugins.
Preloading 0 native plugins for Editor in 0.00 ms.
Initialize engine version: 2020.2.1f1 (270dd8c3da1c)
[Subsystems] Discovering subsystems at path D:/Unity/2020.2.1f1/Editor/Data/Resources/UnitySubsystems
[Subsystems] Discovering subsystems at path D:/Unity Projects/Mundane-Sports/Assets
GfxDevice: creating device client; threaded=0
Direct3D:
    Version:  Direct3D 11.0 [level 11.1]
    Renderer: NVIDIA GeForce GTX 1070 (ID=0x1be1)
    Vendor:   
    VRAM:     8081 MB
    Driver:   27.21.14.5709
Initialize mono
Mono path[0] = 'D:/Unity/2020.2.1f1/Editor/Data/Managed'
Mono path[1] = 'D:/Unity/2020.2.1f1/Editor/Data/MonoBleedingEdge/lib/mono/unityjit'
Mono config path = 'D:/Unity/2020.2.1f1/Editor/Data/MonoBleedingEdge/etc'
Using monoOptions --debugger-agent=transport=dt_socket,embedding=1,server=y,suspend=n,address=127.0.0.1:56280
Begin MonoManager ReloadAssembly
Registering precompiled unity dll's ...
Register platform support module: D:/Unity/2020.2.1f1/Editor/Data/PlaybackEngines/WebGLSupport/UnityEditor.WebGL.Extensions.dll
Register platform support module: D:/Unity/2020.2.1f1/Editor/Data/PlaybackEngines/WindowsStandaloneSupport/UnityEditor.WindowsStandalone.Extensions.dll
Register platform support module: D:/Unity/2020.2.1f1/Editor/Data/PlaybackEngines/LinuxStandaloneSupport/UnityEditor.LinuxStandalone.Extensions.dll
Registered in 0.001949 seconds.
Native extension for LinuxStandalone target not found
Native extension for WindowsStandalone target not found
Native extension for WebGL target not found
Refreshing native plugins compatible for Editor in 30.86 ms, found 0 plugins.
Preloading 0 native plugins for Editor in 0.00 ms.
Invoked RoslynAnalysisRunner static constructor.
RoslynAnalysisRunner will not be running.
RoslynAnalysisRunner has terminated.
Mono: successfully reloaded assembly
- Completed reload, in  1.489 seconds
Platform modules already initialized, skipping
Registering precompiled user dll's ...
Registered in 0.001026 seconds.
Begin MonoManager ReloadAssembly
Native extension for LinuxStandalone target not found
Native extension for WindowsStandalone target not found
Native extension for WebGL target not found
Refreshing native plugins compatible for Editor in 0.23 ms, found 0 plugins.
Preloading 0 native plugins for Editor in 0.00 ms.
Invoked RoslynAnalysisRunner static constructor.
RoslynAnalysisRunner will not be running.
RoslynAnalysisRunner has terminated.
Mono: successfully reloaded assembly
- Completed reload, in  0.974 seconds
Platform modules already initialized, skipping
========================================================================
Worker process is ready to serve import requests
Launched and connected shader compiler UnityShaderCompiler.exe after 0.07 seconds
Refreshing native plugins compatible for Editor in 0.49 ms, found 0 plugins.
Preloading 0 native plugins for Editor in 0.00 ms.
Unloading 1181 Unused Serialized files (Serialized files now loaded: 0)
System memory in use before: 60.2 MB.
System memory in use after: 58.6 MB.

Unloading 40 unused Assets to reduce memory usage. Loaded Objects now: 1597.
Total: 2.347400 ms (FindLiveObjects: 0.163200 ms CreateObjectMapping: 0.054100 ms MarkObjects: 1.555300 ms  DeleteObjects: 0.573500 ms)

========================================================================
Received Import Request.
  path: Assets/Level_Fail.wav
  artifactKey: Guid(281922478f9279448a2210abca4494cb) Importer(815301076,1909f56bfc062723c751e8b465ee728b)
Start importing Assets/Level_Fail.wav using Guid(281922478f9279448a2210abca4494cb) Importer(815301076,1909f56bfc062723c751e8b465ee728b)  -> (artifact id: '07c663cdeca5c5af7efd18784c8f76aa') in 0.135981 seconds
  Import took 0.138806 seconds .

========================================================================
Received Import Request.
  Time since last request: 0.000250 seconds.
  path: Assets/LevelComplete.wav
  artifactKey: Guid(fa2f519bf84260b4390b4b824933ed7d) Importer(815301076,1909f56bfc062723c751e8b465ee728b)
Start importing Assets/LevelComplete.wav using Guid(fa2f519bf84260b4390b4b824933ed7d) Importer(815301076,1909f56bfc062723c751e8b465ee728b)  -> (artifact id: '02417df60e0674e861ea51afd538a762') in 0.019517 seconds
  Import took 0.023017 seconds .

========================================================================
Received Import Request.
  Time since last request: 0.000253 seconds.
  path: Assets/Start.wav
  artifactKey: Guid(9d0024f9af9efa24f841009aaba73d25) Importer(815301076,1909f56bfc062723c751e8b465ee728b)
Start importing Assets/Start.wav using Guid(9d0024f9af9efa24f841009aaba73d25) Importer(815301076,1909f56bfc062723c751e8b465ee728b)  -> (artifact id: '1d56b5781e4bdf5eb4bfde68f6f15c1f') in 0.022862 seconds
  Import took 0.025397 seconds .

========================================================================
Received Import Request.
  Time since last request: 0.000322 seconds.
  path: Assets/Hit_Football.wav
  artifactKey: Guid(478db7eec1b0d02459586963b57f26c6) Importer(815301076,1909f56bfc062723c751e8b465ee728b)
Start importing Assets/Hit_Football.wav using Guid(478db7eec1b0d02459586963b57f26c6) Importer(815301076,1909f56bfc062723c751e8b465ee728b)  -> (artifact id: 'cb8cc93198f7425a00b0acfa070e7c60') in 0.020201 seconds
  Import took 0.022899 seconds .

========================================================================
Received Import Request.
  Time since last request: 0.000210 seconds.
  path: Assets/BatHit.wav
  artifactKey: Guid(ccde29a5822ff6246a5152c76a2ea0ff) Importer(815301076,1909f56bfc062723c751e8b465ee728b)
Start importing Assets/BatHit.wav using Guid(ccde29a5822ff6246a5152c76a2ea0ff) Importer(815301076,1909f56bfc062723c751e8b465ee728b)  -> (artifact id: '05bc6d4a9fb2284b0f5daffa999f1273') in 0.022306 seconds
  Import took 0.026180 seconds .

========================================================================
Received Import Request.
  Time since last request: 0.000297 seconds.
  path: Assets/BatHit-old1.wav
  artifactKey: Guid(5e3c0379e5ca0e047b8efd28d3240789) Importer(815301076,1909f56bfc062723c751e8b465ee728b)
Start importing Assets/BatHit-old1.wav using Guid(5e3c0379e5ca0e047b8efd28d3240789) Importer(815301076,1909f56bfc062723c751e8b465ee728b)  -> (artifact id: 'd9337e367d744cf540cc305a0e09b670') in 0.019485 seconds
  Import took 0.022279 seconds .

========================================================================
Received Import Request.
  Time since last request: 0.000251 seconds.
  path: Assets/ARCADECLASSIC.TTF
  artifactKey: Guid(0f1eef9a39d505b418917878f761b6fe) Importer(815301076,1909f56bfc062723c751e8b465ee728b)
Start importing Assets/ARCADECLASSIC.TTF using Guid(0f1eef9a39d505b418917878f761b6fe) Importer(815301076,1909f56bfc062723c751e8b465ee728b)  -> (artifact id: 'c3b5f5c0311a288795d52335cd09170b') in 0.135875 seconds
  Import took 0.138378 seconds .

========================================================================
Received Import Request.
  Time since last request: 0.000270 seconds.
  path: Assets/TV_Switch.wav
  artifactKey: Guid(ece29e9e7f9a84c4a896b5a0b6bd9135) Importer(815301076,1909f56bfc062723c751e8b465ee728b)
Start importing Assets/TV_Switch.wav using Guid(ece29e9e7f9a84c4a896b5a0b6bd9135) Importer(815301076,1909f56bfc062723c751e8b465ee728b)  -> (artifact id: 'aa3fa6639b45419a0b951cb3b16cb5af') in 0.019234 seconds
  Import took 0.021847 seconds .

========================================================================
Received Import Request.
  Time since last request: 0.000372 seconds.
  path: Assets/TV Static sound effect.ogg
  artifactKey: Guid(8d337366fa5e2ce4085dee5a3a7401af) Importer(815301076,1909f56bfc062723c751e8b465ee728b)
Start importing Assets/TV Static sound effect.ogg using Guid(8d337366fa5e2ce4085dee5a3a7401af) Importer(815301076,1909f56bfc062723c751e8b465ee728b)  -> (artifact id: 'd65d1e24cadb5615acc39e5ae17ee499') in 0.029704 seconds
  Import took 0.032137 seconds .

========================================================================
Received Import Request.
  Time since last request: 0.000339 seconds.
  path: Assets/Scenes/Cricket.unity
  artifactKey: Guid(2b6049f7a7c575e4e9f9ab550546426d) Importer(815301076,1909f56bfc062723c751e8b465ee728b)
Start importing Assets/Scenes/Cricket.unity using Guid(2b6049f7a7c575e4e9f9ab550546426d) Importer(815301076,1909f56bfc062723c751e8b465ee728b)  -> (artifact id: 'de908a725d8c41ef90391a8ba27b5f53') in 0.008207 seconds
  Import took 0.011244 seconds .

========================================================================
Received Import Request.
  Time since last request: 0.000232 seconds.
  path: Assets/Kayak_Paddle.wav
  artifactKey: Guid(c07491ca2802ea846bedc11dd4cf3c3f) Importer(815301076,1909f56bfc062723c751e8b465ee728b)
Start importing Assets/Kayak_Paddle.wav using Guid(c07491ca2802ea846bedc11dd4cf3c3f) Importer(815301076,1909f56bfc062723c751e8b465ee728b)  -> (artifact id: '3c4a3acd366be8d7b844b56005b7c276') in 0.019359 seconds
  Import took 0.021388 seconds .

========================================================================
Received Import Request.
  Time since last request: 8.333861 seconds.
  path: Assets/Scenes/Football.unity
  artifactKey: Guid(f495e3c2051576d45922b00823075aac) Importer(815301076,1909f56bfc062723c751e8b465ee728b)
Start importing Assets/Scenes/Football.unity using Guid(f495e3c2051576d45922b00823075aac) Importer(815301076,1909f56bfc062723c751e8b465ee728b)  -> (artifact id: 'e7f07b9efe8645dd3677817e4bac3fe7') in 0.008908 seconds
  Import took 0.011036 seconds .

========================================================================
Received Import Request.
  Time since last request: 12.513448 seconds.
  path: Assets/Scenes/Kayak.unity
  artifactKey: Guid(2cda990e2423bbf4892e6590ba056729) Importer(815301076,1909f56bfc062723c751e8b465ee728b)
Start importing Assets/Scenes/Kayak.unity using Guid(2cda990e2423bbf4892e6590ba056729) Importer(815301076,1909f56bfc062723c751e8b465ee728b)  -> (artifact id: '6526205f5e19602849b8af50738e0783') in 0.008455 seconds
  Import took 0.010410 seconds .

========================================================================
Received Import Request.
  Time since last request: 13.941185 seconds.
  path: Assets/Materials/New Material 1.mat
  artifactKey: Guid(702d9583b12329a42824cee834c47a12) Importer(815301076,1909f56bfc062723c751e8b465ee728b)
Start importing Assets/Materials/New Material 1.mat using Guid(702d9583b12329a42824cee834c47a12) Importer(815301076,1909f56bfc062723c751e8b465ee728b)  -> (artifact id: 'c15df4d24feac685f618795cb95569a7') in 0.078930 seconds
  Import took 0.081354 seconds .

========================================================================
Received Import Request.
  Time since last request: 0.000309 seconds.
  path: Assets/Materials/New Material.mat
  artifactKey: Guid(4b7b5a14572479e4ba1f8ef29f8f075f) Importer(815301076,1909f56bfc062723c751e8b465ee728b)
Start importing Assets/Materials/New Material.mat using Guid(4b7b5a14572479e4ba1f8ef29f8f075f) Importer(815301076,1909f56bfc062723c751e8b465ee728b)  -> (artifact id: 'b8debfcd94e77e320d73f3495e7658bf') in 0.020361 seconds
  Import took 0.022979 seconds .

========================================================================
Received Import Request.
  Time since last request: 0.447362 seconds.
  path: Assets/Prefabs/Footballer (1).prefab
  artifactKey: Guid(f3673c825e9b8a947a1535f1a95ac02b) Importer(815301076,1909f56bfc062723c751e8b465ee728b)
Start importing Assets/Prefabs/Footballer (1).prefab using Guid(f3673c825e9b8a947a1535f1a95ac02b) Importer(815301076,1909f56bfc062723c751e8b465ee728b)  -> (artifact id: 'c562f287de8d01db0d96059c65718e22') in 0.037456 seconds
  Import took 0.039763 seconds .

========================================================================
Received Import Request.
  Time since last request: 3.587897 seconds.
  path: Assets/Scenes/Off.unity
  artifactKey: Guid(aa88057b7685a3c4c87b44c09fe0224a) Importer(815301076,1909f56bfc062723c751e8b465ee728b)
Start importing Assets/Scenes/Off.unity using Guid(aa88057b7685a3c4c87b44c09fe0224a) Importer(815301076,1909f56bfc062723c751e8b465ee728b)  -> (artifact id: 'c4e4b6386dab36c1f50176e9c28a29d5') in 0.010206 seconds
  Import took 0.012423 seconds .

========================================================================
Received Prepare
Registering precompiled user dll's ...
Registered in 0.001073 seconds.
Begin MonoManager ReloadAssembly
Native extension for LinuxStandalone target not found
Native extension for WindowsStandalone target not found
Native extension for WebGL target not found
Refreshing native plugins compatible for Editor in 0.28 ms, found 0 plugins.
Preloading 0 native plugins for Editor in 0.00 ms.
Invoked RoslynAnalysisRunner static constructor.
RoslynAnalysisRunner will not be running.
RoslynAnalysisRunner has terminated.
Mono: successfully reloaded assembly
- Completed reload, in  0.888 seconds
Platform modules already initialized, skipping
Refreshing native plugins compatible for Editor in 0.22 ms, found 0 plugins.
Preloading 0 native plugins for Editor in 0.00 ms.
Unloading 1176 Unused Serialized files (Serialized files now loaded: 0)
System memory in use before: 63.8 MB.
System memory in use after: 62.2 MB.

Unloading 31 unused Assets to reduce memory usage. Loaded Objects now: 1645.
Total: 2.283000 ms (FindLiveObjects: 0.141800 ms CreateObjectMapping: 0.034300 ms MarkObjects: 1.494600 ms  DeleteObjects: 0.611300 ms)

========================================================================
Received Prepare
Registering precompiled user dll's ...
Registered in 0.000796 seconds.
Begin MonoManager ReloadAssembly
Native extension for LinuxStandalone target not found
Native extension for WindowsStandalone target not found
Native extension for WebGL target not found
Refreshing native plugins compatible for Editor in 0.32 ms, found 0 plugins.
Preloading 0 native plugins for Editor in 0.00 ms.
Invoked RoslynAnalysisRunner static constructor.
RoslynAnalysisRunner will not be running.
RoslynAnalysisRunner has terminated.
Mono: successfully reloaded assembly
- Completed reload, in  0.942 seconds
Platform modules already initialized, skipping
Refreshing native plugins compatible for Editor in 0.21 ms, found 0 plugins.
Preloading 0 native plugins for Editor in 0.00 ms.
Unloading 1176 Unused Serialized files (Serialized files now loaded: 0)
System memory in use before: 63.9 MB.
System memory in use after: 62.3 MB.

Unloading 31 unused Assets to reduce memory usage. Loaded Objects now: 1647.
Total: 2.468800 ms (FindLiveObjects: 0.149200 ms CreateObjectMapping: 0.049100 ms MarkObjects: 1.688000 ms  DeleteObjects: 0.581500 ms)

========================================================================
Received Prepare
Registering precompiled user dll's ...
Registered in 0.000858 seconds.
Begin MonoManager ReloadAssembly
Native extension for LinuxStandalone target not found
Native extension for WindowsStandalone target not found
Native extension for WebGL target not found
Refreshing native plugins compatible for Editor in 0.36 ms, found 0 plugins.
Preloading 0 native plugins for Editor in 0.00 ms.
Invoked RoslynAnalysisRunner static constructor.
RoslynAnalysisRunner will not be running.
RoslynAnalysisRunner has terminated.
Mono: successfully reloaded assembly
- Completed reload, in  0.932 seconds
Platform modules already initialized, skipping
Refreshing native plugins compatible for Editor in 0.27 ms, found 0 plugins.
Preloading 0 native plugins for Editor in 0.00 ms.
Unloading 1176 Unused Serialized files (Serialized files now loaded: 0)
System memory in use before: 63.9 MB.
System memory in use after: 62.4 MB.

Unloading 31 unused Assets to reduce memory usage. Loaded Objects now: 1649.
Total: 2.590300 ms (FindLiveObjects: 0.164100 ms CreateObjectMapping: 0.037000 ms MarkObjects: 1.665800 ms  DeleteObjects: 0.722000 ms)

========================================================================
Received Prepare
Registering precompiled user dll's ...
Registered in 0.001000 seconds.
Begin MonoManager ReloadAssembly
Native extension for LinuxStandalone target not found
Native extension for WindowsStandalone target not found
Native extension for WebGL target not found
Refreshing native plugins compatible for Editor in 0.22 ms, found 0 plugins.
Preloading 0 native plugins for Editor in 0.00 ms.
Invoked RoslynAnalysisRunner static constructor.
RoslynAnalysisRunner will not be running.
RoslynAnalysisRunner has terminated.
Mono: successfully reloaded assembly
- Completed reload, in  0.896 seconds
Platform modules already initialized, skipping
Refreshing native plugins compatible for Editor in 0.24 ms, found 0 plugins.
Preloading 0 native plugins for Editor in 0.00 ms.
Unloading 1176 Unused Serialized files (Serialized files now loaded: 0)
System memory in use before: 64.0 MB.
System memory in use after: 62.5 MB.

Unloading 31 unused Assets to reduce memory usage. Loaded Objects now: 1651.
Total: 3.350000 ms (FindLiveObjects: 0.338800 ms CreateObjectMapping: 0.083700 ms MarkObjects: 1.991600 ms  DeleteObjects: 0.934500 ms)

========================================================================
Received Prepare
Registering precompiled user dll's ...
Registered in 0.001005 seconds.
Begin MonoManager ReloadAssembly
Native extension for LinuxStandalone target not found
Native extension for WindowsStandalone target not found
Native extension for WebGL target not found
Refreshing native plugins compatible for Editor in 0.23 ms, found 0 plugins.
Preloading 0 native plugins for Editor in 0.00 ms.
Invoked RoslynAnalysisRunner static constructor.
RoslynAnalysisRunner will not be running.
RoslynAnalysisRunner has terminated.
Mono: successfully reloaded assembly
- Completed reload, in  0.964 seconds
Platform modules already initialized, skipping
Refreshing native plugins compatible for Editor in 0.38 ms, found 0 plugins.
Preloading 0 native plugins for Editor in 0.00 ms.
Unloading 1176 Unused Serialized files (Serialized files now loaded: 0)
System memory in use before: 64.1 MB.
System memory in use after: 62.6 MB.

Unloading 31 unused Assets to reduce memory usage. Loaded Objects now: 1653.
Total: 3.094200 ms (FindLiveObjects: 0.163700 ms CreateObjectMapping: 0.046100 ms MarkObjects: 1.729000 ms  DeleteObjects: 1.153900 ms)

========================================================================
Received Prepare
Registering precompiled user dll's ...
Registered in 0.001135 seconds.
Begin MonoManager ReloadAssembly
Native extension for LinuxStandalone target not found
Native extension for WindowsStandalone target not found
Native extension for WebGL target not found
Refreshing native plugins compatible for Editor in 0.22 ms, found 0 plugins.
Preloading 0 native plugins for Editor in 0.00 ms.
Invoked RoslynAnalysisRunner static constructor.
RoslynAnalysisRunner will not be running.
RoslynAnalysisRunner has terminated.
Mono: successfully reloaded assembly
- Completed reload, in  0.854 seconds
Platform modules already initialized, skipping
Refreshing native plugins compatible for Editor in 0.22 ms, found 0 plugins.
Preloading 0 native plugins for Editor in 0.00 ms.
Unloading 1176 Unused Serialized files (Serialized files now loaded: 0)
System memory in use before: 64.2 MB.
System memory in use after: 62.6 MB.

Unloading 31 unused Assets to reduce memory usage. Loaded Objects now: 1655.
Total: 2.430900 ms (FindLiveObjects: 0.133800 ms CreateObjectMapping: 0.039500 ms MarkObjects: 1.603000 ms  DeleteObjects: 0.653600 ms)

========================================================================
Received Prepare
Registering precompiled user dll's ...
Registered in 0.001108 seconds.
Begin MonoManager ReloadAssembly
Native extension for LinuxStandalone target not found
Native extension for WindowsStandalone target not found
Native extension for WebGL target not found
Refreshing native plugins compatible for Editor in 0.22 ms, found 0 plugins.
Preloading 0 native plugins for Editor in 0.00 ms.
Invoked RoslynAnalysisRunner static constructor.
RoslynAnalysisRunner will not be running.
RoslynAnalysisRunner has terminated.
Mono: successfully reloaded assembly
- Completed reload, in  0.902 seconds
Platform modules already initialized, skipping
Refreshing native plugins compatible for Editor in 0.22 ms, found 0 plugins.
Preloading 0 native plugins for Editor in 0.00 ms.
Unloading 1176 Unused Serialized files (Serialized files now loaded: 0)
System memory in use before: 64.2 MB.
System memory in use after: 62.7 MB.

Unloading 31 unused Assets to reduce memory usage. Loaded Objects now: 1657.
Total: 2.656600 ms (FindLiveObjects: 0.278300 ms CreateObjectMapping: 0.057200 ms MarkObjects: 1.527300 ms  DeleteObjects: 0.792600 ms)

========================================================================
Received Import Request.
  Time since last request: 653.659349 seconds.
  path: Assets/Scripts/Goal.cs
  artifactKey: Guid(20fb1acb60055d2489214100fcb052e7) Importer(815301076,1909f56bfc062723c751e8b465ee728b)
Start importing Assets/Scripts/Goal.cs using Guid(20fb1acb60055d2489214100fcb052e7) Importer(815301076,1909f56bfc062723c751e8b465ee728b)  -> (artifact id: '6258c355f2b80f11bc7ade54f2f751f2') in 0.013740 seconds
  Import took 0.016167 seconds .

========================================================================
Received Import Request.
  Time since last request: 2.336349 seconds.
  path: Assets/Scenes/Football.unity
  artifactKey: Guid(f495e3c2051576d45922b00823075aac) Importer(815301076,1909f56bfc062723c751e8b465ee728b)
Start importing Assets/Scenes/Football.unity using Guid(f495e3c2051576d45922b00823075aac) Importer(815301076,1909f56bfc062723c751e8b465ee728b)  -> (artifact id: 'aaec2f738ee017e3d0ffd2a8ddd7b813') in 0.010400 seconds
  Import took 0.012437 seconds .

========================================================================
Received Prepare
Registering precompiled user dll's ...
Registered in 0.000991 seconds.
Begin MonoManager ReloadAssembly
Native extension for LinuxStandalone target not found
Native extension for WindowsStandalone target not found
Native extension for WebGL target not found
Refreshing native plugins compatible for Editor in 0.26 ms, found 0 plugins.
Preloading 0 native plugins for Editor in 0.00 ms.
Invoked RoslynAnalysisRunner static constructor.
RoslynAnalysisRunner will not be running.
RoslynAnalysisRunner has terminated.
Mono: successfully reloaded assembly
- Completed reload, in  0.914 seconds
Platform modules already initialized, skipping
Refreshing native plugins compatible for Editor in 0.21 ms, found 0 plugins.
Preloading 0 native plugins for Editor in 0.00 ms.
Unloading 1176 Unused Serialized files (Serialized files now loaded: 0)
System memory in use before: 64.3 MB.
System memory in use after: 62.8 MB.

Unloading 31 unused Assets to reduce memory usage. Loaded Objects now: 1659.
Total: 2.546500 ms (FindLiveObjects: 0.244200 ms CreateObjectMapping: 0.039800 ms MarkObjects: 1.618600 ms  DeleteObjects: 0.642800 ms)

========================================================================
Received Prepare
Registering precompiled user dll's ...
Registered in 0.000929 seconds.
Begin MonoManager ReloadAssembly
Native extension for LinuxStandalone target not found
Native extension for WindowsStandalone target not found
Native extension for WebGL target not found
Refreshing native plugins compatible for Editor in 0.22 ms, found 0 plugins.
Preloading 0 native plugins for Editor in 0.00 ms.
Invoked RoslynAnalysisRunner static constructor.
RoslynAnalysisRunner will not be running.
RoslynAnalysisRunner has terminated.
Mono: successfully reloaded assembly
- Completed reload, in  0.879 seconds
Platform modules already initialized, skipping
Refreshing native plugins compatible for Editor in 0.28 ms, found 0 plugins.
Preloading 0 native plugins for Editor in 0.00 ms.
Unloading 1176 Unused Serialized files (Serialized files now loaded: 0)
System memory in use before: 64.4 MB.
System memory in use after: 62.9 MB.

Unloading 31 unused Assets to reduce memory usage. Loaded Objects now: 1661.
Total: 2.865900 ms (FindLiveObjects: 0.233100 ms CreateObjectMapping: 0.075000 ms MarkObjects: 1.878200 ms  DeleteObjects: 0.678500 ms)

========================================================================
Received Prepare
Registering precompiled user dll's ...
Registered in 0.000782 seconds.
Begin MonoManager ReloadAssembly
Native extension for LinuxStandalone target not found
Native extension for WindowsStandalone target not found
Native extension for WebGL target not found
Refreshing native plugins compatible for Editor in 0.22 ms, found 0 plugins.
Preloading 0 native plugins for Editor in 0.00 ms.
Invoked RoslynAnalysisRunner static constructor.
RoslynAnalysisRunner will not be running.
RoslynAnalysisRunner has terminated.
Mono: successfully reloaded assembly
- Completed reload, in  0.941 seconds
Platform modules already initialized, skipping
Refreshing native plugins compatible for Editor in 0.24 ms, found 0 plugins.
Preloading 0 native plugins for Editor in 0.00 ms.
Unloading 1176 Unused Serialized files (Serialized files now loaded: 0)
System memory in use before: 64.4 MB.
System memory in use after: 62.9 MB.

Unloading 31 unused Assets to reduce memory usage. Loaded Objects now: 1663.
Total: 2.494300 ms (FindLiveObjects: 0.225800 ms CreateObjectMapping: 0.035100 ms MarkObjects: 1.620100 ms  DeleteObjects: 0.612300 ms)

========================================================================
Received Import Request.
  Time since last request: 290.561879 seconds.
  path: Assets/Sprites/BG_Cricket.gif
  artifactKey: Guid(c757b8a226396034b876893569a9d8c5) Importer(815301076,1909f56bfc062723c751e8b465ee728b)
Start importing Assets/Sprites/BG_Cricket.gif using Guid(c757b8a226396034b876893569a9d8c5) Importer(815301076,1909f56bfc062723c751e8b465ee728b)  -> (artifact id: 'a5498ef5485758a705ca90d51684c340') in 0.084217 seconds
  Import took 0.086526 seconds .

========================================================================
Received Import Request.
  Time since last request: 0.000316 seconds.
  path: Assets/Sprites/Static480x270.png
  artifactKey: Guid(48cda7238de760d42ae78a53dac78ff3) Importer(815301076,1909f56bfc062723c751e8b465ee728b)
Start importing Assets/Sprites/Static480x270.png using Guid(48cda7238de760d42ae78a53dac78ff3) Importer(815301076,1909f56bfc062723c751e8b465ee728b)  -> (artifact id: 'bfe8b06e61960c066ec846a910676a0b') in 0.035674 seconds
  Import took 0.037734 seconds .

========================================================================
Received Import Request.
  Time since last request: 0.000296 seconds.
  path: Assets/Sprites/BG_Kayak.gif
  artifactKey: Guid(e95f8d6a91ef2194ab525dd3efc8e7b6) Importer(815301076,1909f56bfc062723c751e8b465ee728b)
Start importing Assets/Sprites/BG_Kayak.gif using Guid(e95f8d6a91ef2194ab525dd3efc8e7b6) Importer(815301076,1909f56bfc062723c751e8b465ee728b)  -> (artifact id: '13aa2bfc62ce276881463550baceb7b0') in 0.021857 seconds
  Import took 0.024366 seconds .

========================================================================
Received Import Request.
  Time since last request: 0.000320 seconds.
  path: Assets/Sprites/SPR_16.png
  artifactKey: Guid(bb433b29515f5d04ea4df346067dece2) Importer(815301076,1909f56bfc062723c751e8b465ee728b)
Start importing Assets/Sprites/SPR_16.png using Guid(bb433b29515f5d04ea4df346067dece2) Importer(815301076,1909f56bfc062723c751e8b465ee728b)  -> (artifact id: '2d5b3f510fef8cb610f3b0d90ab8b7bc') in 0.026614 seconds
  Import took 0.028875 seconds .

========================================================================
Received Import Request.
  Time since last request: 0.000302 seconds.
  path: Assets/Sprites/SPR_48.png
  artifactKey: Guid(19c95db63cd5e0447b3fb69d3be9c5d4) Importer(815301076,1909f56bfc062723c751e8b465ee728b)
Start importing Assets/Sprites/SPR_48.png using Guid(19c95db63cd5e0447b3fb69d3be9c5d4) Importer(815301076,1909f56bfc062723c751e8b465ee728b)  -> (artifact id: 'd35113929af3c53c5da72317f1774b0a') in 0.043029 seconds
  Import took 0.045079 seconds .

========================================================================
Received Import Request.
  Time since last request: 0.000363 seconds.
  path: Assets/Sprites/BG_Football.gif
  artifactKey: Guid(18760319a537ce2469f2b212a767501e) Importer(815301076,1909f56bfc062723c751e8b465ee728b)
Start importing Assets/Sprites/BG_Football.gif using Guid(18760319a537ce2469f2b212a767501e) Importer(815301076,1909f56bfc062723c751e8b465ee728b)  -> (artifact id: '13bc57c349dae985e09ec8ecf3a9d94b') in 0.020820 seconds
  Import took 0.023171 seconds .

========================================================================
Received Import Request.
  Time since last request: 0.000284 seconds.
  path: Assets/Sprites/SPR_32.png
  artifactKey: Guid(9427101144605a141a8b8b832a8d7cc6) Importer(815301076,1909f56bfc062723c751e8b465ee728b)
Start importing Assets/Sprites/SPR_32.png using Guid(9427101144605a141a8b8b832a8d7cc6) Importer(815301076,1909f56bfc062723c751e8b465ee728b)  -> (artifact id: '3c41d9ede01ff76973e74088055512e2') in 0.027440 seconds
  Import took 0.030164 seconds .

========================================================================
Received Import Request.
  Time since last request: 0.000324 seconds.
  path: Assets/Sprites/BG_Football.gif
  artifactKey: Guid(18760319a537ce2469f2b212a767501e) Importer(815301076,1909f56bfc062723c751e8b465ee728b)
Start importing Assets/Sprites/BG_Football.gif using Guid(18760319a537ce2469f2b212a767501e) Importer(815301076,1909f56bfc062723c751e8b465ee728b)  -> (artifact id: '13bc57c349dae985e09ec8ecf3a9d94b') in 0.010360 seconds
  Import took 0.012699 seconds .

========================================================================
Received Import Request.
  Time since last request: 0.000299 seconds.
  path: Assets/Sprites/Title_Text.png
  artifactKey: Guid(93a33ec7ba2c93e479e411dacedb1220) Importer(815301076,1909f56bfc062723c751e8b465ee728b)
Start importing Assets/Sprites/Title_Text.png using Guid(93a33ec7ba2c93e479e411dacedb1220) Importer(815301076,1909f56bfc062723c751e8b465ee728b)  -> (artifact id: '8bded4bcf88ec8283661f679dab97fa1') in 0.021767 seconds
  Import took 0.024406 seconds .

========================================================================
Received Import Request.
  Time since last request: 0.000409 seconds.
  path: Assets/Sprites/SwitchOff.gif
  artifactKey: Guid(585f152151f69064f8f83f2f9218fd41) Importer(815301076,1909f56bfc062723c751e8b465ee728b)
Start importing Assets/Sprites/SwitchOff.gif using Guid(585f152151f69064f8f83f2f9218fd41) Importer(815301076,1909f56bfc062723c751e8b465ee728b)  -> (artifact id: 'd93b6d00d12eb4b8716b92b71219cf5f') in 0.035598 seconds
  Import took 0.037837 seconds .

========================================================================
Received Import Request.
  Time since last request: 0.000371 seconds.
  path: Assets/Sprites/UI_Frame_TV.gif
  artifactKey: Guid(76563ceb7e886f34ca1617f68c9a8d93) Importer(815301076,1909f56bfc062723c751e8b465ee728b)
Start importing Assets/Sprites/UI_Frame_TV.gif using Guid(76563ceb7e886f34ca1617f68c9a8d93) Importer(815301076,1909f56bfc062723c751e8b465ee728b)  -> (artifact id: '278baa5ebe35717cba0c221e2a33771c') in 0.021061 seconds
  Import took 0.023171 seconds .

========================================================================
Received Import Request.
  Time since last request: 0.000306 seconds.
  path: Assets/Sprites/Goal_Front.png
  artifactKey: Guid(41287e1033116d148a38e1af9095a109) Importer(815301076,1909f56bfc062723c751e8b465ee728b)
Start importing Assets/Sprites/Goal_Front.png using Guid(41287e1033116d148a38e1af9095a109) Importer(815301076,1909f56bfc062723c751e8b465ee728b)  -> (artifact id: '8239b379dc1f8cfbc43913d74fb0442d') in 0.021777 seconds
  Import took 0.023989 seconds .

========================================================================
Received Import Request.
  Time since last request: 0.000242 seconds.
  path: Assets/Sprites/Goal_Back.png
  artifactKey: Guid(e29b67cf57e0b0d469f8b7ec7c1633b0) Importer(815301076,1909f56bfc062723c751e8b465ee728b)
Start importing Assets/Sprites/Goal_Back.png using Guid(e29b67cf57e0b0d469f8b7ec7c1633b0) Importer(815301076,1909f56bfc062723c751e8b465ee728b)  -> (artifact id: '575725a7d9664e4553cca9e5176c1aa1') in 0.021859 seconds
  Import took 0.024414 seconds .

========================================================================
Received Import Request.
  Time since last request: 2.617813 seconds.
  path: Assets/Scripts/Opponent.cs
  artifactKey: Guid(5935b1b791c05f94fbebbc8da3b13b31) Importer(815301076,1909f56bfc062723c751e8b465ee728b)
Start importing Assets/Scripts/Opponent.cs using Guid(5935b1b791c05f94fbebbc8da3b13b31) Importer(815301076,1909f56bfc062723c751e8b465ee728b)  -> (artifact id: 'ea09ab075a02ec472499b48673d2c134') in 0.008379 seconds
  Import took 0.010753 seconds .

========================================================================
Received Import Request.
  Time since last request: 0.000882 seconds.
  path: Assets/Scripts/Opponent.cs
  artifactKey: Guid(5935b1b791c05f94fbebbc8da3b13b31) Importer(815301076,1909f56bfc062723c751e8b465ee728b)
Start importing Assets/Scripts/Opponent.cs using Guid(5935b1b791c05f94fbebbc8da3b13b31) Importer(815301076,1909f56bfc062723c751e8b465ee728b)  -> (artifact id: 'ea09ab075a02ec472499b48673d2c134') in 0.003658 seconds
  Import took 0.006092 seconds .

========================================================================
Received Prepare
Registering precompiled user dll's ...
Registered in 0.000669 seconds.
Begin MonoManager ReloadAssembly
Native extension for LinuxStandalone target not found
Native extension for WindowsStandalone target not found
Native extension for WebGL target not found
Refreshing native plugins compatible for Editor in 0.21 ms, found 0 plugins.
Preloading 0 native plugins for Editor in 0.00 ms.
Invoked RoslynAnalysisRunner static constructor.
RoslynAnalysisRunner will not be running.
RoslynAnalysisRunner has terminated.
Mono: successfully reloaded assembly
- Completed reload, in  0.892 seconds
Platform modules already initialized, skipping
Refreshing native plugins compatible for Editor in 0.22 ms, found 0 plugins.
Preloading 0 native plugins for Editor in 0.00 ms.
Unloading 1176 Unused Serialized files (Serialized files now loaded: 0)
System memory in use before: 64.6 MB.
System memory in use after: 63.0 MB.

Unloading 31 unused Assets to reduce memory usage. Loaded Objects now: 1682.
Total: 3.078700 ms (FindLiveObjects: 0.181600 ms CreateObjectMapping: 0.047300 ms MarkObjects: 2.158900 ms  DeleteObjects: 0.689900 ms)

========================================================================
Received Import Request.
  Time since last request: 51.684318 seconds.
  path: Assets/Scenes/Football.unity
  artifactKey: Guid(f495e3c2051576d45922b00823075aac) Importer(815301076,1909f56bfc062723c751e8b465ee728b)
Start importing Assets/Scenes/Football.unity using Guid(f495e3c2051576d45922b00823075aac) Importer(815301076,1909f56bfc062723c751e8b465ee728b)  -> (artifact id: '3393fd3d3d95e06ea11d542de57c8e66') in 0.011869 seconds
  Import took 0.014785 seconds .

========================================================================
Received Import Request.
  Time since last request: 21.792474 seconds.
  path: ProjectSettings/TagManager.asset
  artifactKey: Guid(00000000000000003000000000000000) Importer(815301076,1909f56bfc062723c751e8b465ee728b)
Start importing ProjectSettings/TagManager.asset using Guid(00000000000000003000000000000000) Importer(815301076,1909f56bfc062723c751e8b465ee728b)  -> (artifact id: '48bae210c56e593fb9b19d2c4285cd2e') in 0.011322 seconds
  Import took 0.014172 seconds .

========================================================================
Received Import Request.
  Time since last request: 4.539227 seconds.
  path: ProjectSettings/TagManager.asset
  artifactKey: Guid(00000000000000003000000000000000) Importer(815301076,1909f56bfc062723c751e8b465ee728b)
Start importing ProjectSettings/TagManager.asset using Guid(00000000000000003000000000000000) Importer(815301076,1909f56bfc062723c751e8b465ee728b)  -> (artifact id: 'c3adb6451ad03156aaa92303c6dea39e') in 0.005985 seconds
  Import took 0.010078 seconds .

========================================================================
Received Import Request.
  Time since last request: 13.334277 seconds.
  path: ProjectSettings/TagManager.asset
  artifactKey: Guid(00000000000000003000000000000000) Importer(815301076,1909f56bfc062723c751e8b465ee728b)
Start importing ProjectSettings/TagManager.asset using Guid(00000000000000003000000000000000) Importer(815301076,1909f56bfc062723c751e8b465ee728b)  -> (artifact id: '96d437bbbe77e22b028b753621b1fb9b') in 0.004915 seconds
  Import took 0.008122 seconds .

========================================================================
Received Prepare
Registering precompiled user dll's ...
Registered in 0.000813 seconds.
Begin MonoManager ReloadAssembly
Native extension for LinuxStandalone target not found
Native extension for WindowsStandalone target not found
Native extension for WebGL target not found
Refreshing native plugins compatible for Editor in 0.31 ms, found 0 plugins.
Preloading 0 native plugins for Editor in 0.00 ms.
Invoked RoslynAnalysisRunner static constructor.
RoslynAnalysisRunner will not be running.
RoslynAnalysisRunner has terminated.
Mono: successfully reloaded assembly
- Completed reload, in  0.894 seconds
Platform modules already initialized, skipping
Refreshing native plugins compatible for Editor in 0.21 ms, found 0 plugins.
Preloading 0 native plugins for Editor in 0.00 ms.
Unloading 1176 Unused Serialized files (Serialized files now loaded: 0)
System memory in use before: 64.7 MB.
System memory in use after: 63.1 MB.

Unloading 34 unused Assets to reduce memory usage. Loaded Objects now: 1684.
Total: 2.686800 ms (FindLiveObjects: 0.150300 ms CreateObjectMapping: 0.040800 ms MarkObjects: 1.809500 ms  DeleteObjects: 0.685100 ms)

========================================================================
Received Prepare
Registering precompiled user dll's ...
Registered in 0.000935 seconds.
Begin MonoManager ReloadAssembly
Native extension for LinuxStandalone target not found
Native extension for WindowsStandalone target not found
Native extension for WebGL target not found
Refreshing native plugins compatible for Editor in 0.21 ms, found 0 plugins.
Preloading 0 native plugins for Editor in 0.00 ms.
Invoked RoslynAnalysisRunner static constructor.
RoslynAnalysisRunner will not be running.
RoslynAnalysisRunner has terminated.
Mono: successfully reloaded assembly
- Completed reload, in  0.868 seconds
Platform modules already initialized, skipping
Refreshing native plugins compatible for Editor in 0.25 ms, found 0 plugins.
Preloading 0 native plugins for Editor in 0.00 ms.
Unloading 1176 Unused Serialized files (Serialized files now loaded: 0)
System memory in use before: 64.7 MB.
System memory in use after: 63.1 MB.

Unloading 31 unused Assets to reduce memory usage. Loaded Objects now: 1686.
Total: 2.485100 ms (FindLiveObjects: 0.153800 ms CreateObjectMapping: 0.047000 ms MarkObjects: 1.663900 ms  DeleteObjects: 0.619100 ms)

========================================================================
Received Prepare
Registering precompiled user dll's ...
Registered in 0.001267 seconds.
Begin MonoManager ReloadAssembly
Native extension for LinuxStandalone target not found
Native extension for WindowsStandalone target not found
Native extension for WebGL target not found
Refreshing native plugins compatible for Editor in 0.26 ms, found 0 plugins.
Preloading 0 native plugins for Editor in 0.00 ms.
Invoked RoslynAnalysisRunner static constructor.
RoslynAnalysisRunner will not be running.
RoslynAnalysisRunner has terminated.
Mono: successfully reloaded assembly
- Completed reload, in  0.890 seconds
Platform modules already initialized, skipping
Refreshing native plugins compatible for Editor in 0.24 ms, found 0 plugins.
Preloading 0 native plugins for Editor in 0.00 ms.
Unloading 1176 Unused Serialized files (Serialized files now loaded: 0)
System memory in use before: 64.8 MB.
System memory in use after: 63.3 MB.

Unloading 31 unused Assets to reduce memory usage. Loaded Objects now: 1688.
Total: 2.825800 ms (FindLiveObjects: 0.154800 ms CreateObjectMapping: 0.035600 ms MarkObjects: 1.737100 ms  DeleteObjects: 0.884000 ms)

========================================================================
Received Prepare
Registering precompiled user dll's ...
Registered in 0.000762 seconds.
Begin MonoManager ReloadAssembly
Native extension for LinuxStandalone target not found
Native extension for WindowsStandalone target not found
Native extension for WebGL target not found
Refreshing native plugins compatible for Editor in 0.23 ms, found 0 plugins.
Preloading 0 native plugins for Editor in 0.00 ms.
Invoked RoslynAnalysisRunner static constructor.
RoslynAnalysisRunner will not be running.
RoslynAnalysisRunner has terminated.
Mono: successfully reloaded assembly
- Completed reload, in  0.942 seconds
Platform modules already initialized, skipping
Refreshing native plugins compatible for Editor in 0.28 ms, found 0 plugins.
Preloading 0 native plugins for Editor in 0.00 ms.
Unloading 1176 Unused Serialized files (Serialized files now loaded: 0)
System memory in use before: 64.8 MB.
System memory in use after: 63.3 MB.

Unloading 31 unused Assets to reduce memory usage. Loaded Objects now: 1690.
Total: 3.205500 ms (FindLiveObjects: 0.233400 ms CreateObjectMapping: 0.084400 ms MarkObjects: 2.014000 ms  DeleteObjects: 0.872200 ms)

========================================================================
Received Prepare
Registering precompiled user dll's ...
Registered in 0.000685 seconds.
Begin MonoManager ReloadAssembly
Native extension for LinuxStandalone target not found
Native extension for WindowsStandalone target not found
Native extension for WebGL target not found
Refreshing native plugins compatible for Editor in 0.34 ms, found 0 plugins.
Preloading 0 native plugins for Editor in 0.00 ms.
Invoked RoslynAnalysisRunner static constructor.
RoslynAnalysisRunner will not be running.
RoslynAnalysisRunner has terminated.
Mono: successfully reloaded assembly
- Completed reload, in  0.886 seconds
Platform modules already initialized, skipping
Refreshing native plugins compatible for Editor in 0.21 ms, found 0 plugins.
Preloading 0 native plugins for Editor in 0.00 ms.
Unloading 1176 Unused Serialized files (Serialized files now loaded: 0)
System memory in use before: 64.9 MB.
System memory in use after: 63.4 MB.

Unloading 31 unused Assets to reduce memory usage. Loaded Objects now: 1692.
Total: 2.540000 ms (FindLiveObjects: 0.197700 ms CreateObjectMapping: 0.038700 ms MarkObjects: 1.682500 ms  DeleteObjects: 0.620300 ms)

========================================================================
Received Prepare
Registering precompiled user dll's ...
Registered in 0.000714 seconds.
Begin MonoManager ReloadAssembly
Native extension for LinuxStandalone target not found
Native extension for WindowsStandalone target not found
Native extension for WebGL target not found
Refreshing native plugins compatible for Editor in 0.22 ms, found 0 plugins.
Preloading 0 native plugins for Editor in 0.00 ms.
Invoked RoslynAnalysisRunner static constructor.
RoslynAnalysisRunner will not be running.
RoslynAnalysisRunner has terminated.
Mono: successfully reloaded assembly
- Completed reload, in  0.877 seconds
Platform modules already initialized, skipping
Refreshing native plugins compatible for Editor in 0.23 ms, found 0 plugins.
Preloading 0 native plugins for Editor in 0.00 ms.
Unloading 1176 Unused Serialized files (Serialized files now loaded: 0)
System memory in use before: 65.0 MB.
System memory in use after: 63.5 MB.

Unloading 31 unused Assets to reduce memory usage. Loaded Objects now: 1694.
Total: 2.374800 ms (FindLiveObjects: 0.159700 ms CreateObjectMapping: 0.041600 ms MarkObjects: 1.538800 ms  DeleteObjects: 0.633700 ms)

========================================================================
Received Prepare
Registering precompiled user dll's ...
Registered in 0.000752 seconds.
Begin MonoManager ReloadAssembly
Native extension for LinuxStandalone target not found
Native extension for WindowsStandalone target not found
Native extension for WebGL target not found
Refreshing native plugins compatible for Editor in 0.25 ms, found 0 plugins.
Preloading 0 native plugins for Editor in 0.00 ms.
Invoked RoslynAnalysisRunner static constructor.
RoslynAnalysisRunner will not be running.
RoslynAnalysisRunner has terminated.
Mono: successfully reloaded assembly
- Completed reload, in  1.004 seconds
Platform modules already initialized, skipping
Refreshing native plugins compatible for Editor in 0.25 ms, found 0 plugins.
Preloading 0 native plugins for Editor in 0.00 ms.
Unloading 1176 Unused Serialized files (Serialized files now loaded: 0)
System memory in use before: 65.1 MB.
System memory in use after: 63.5 MB.

Unloading 31 unused Assets to reduce memory usage. Loaded Objects now: 1696.
Total: 3.573300 ms (FindLiveObjects: 0.341100 ms CreateObjectMapping: 0.076200 ms MarkObjects: 2.175900 ms  DeleteObjects: 0.978000 ms)

========================================================================
Received Prepare
Registering precompiled user dll's ...
Registered in 0.000717 seconds.
Begin MonoManager ReloadAssembly
Native extension for LinuxStandalone target not found
Native extension for WindowsStandalone target not found
Native extension for WebGL target not found
Refreshing native plugins compatible for Editor in 0.22 ms, found 0 plugins.
Preloading 0 native plugins for Editor in 0.00 ms.
Invoked RoslynAnalysisRunner static constructor.
RoslynAnalysisRunner will not be running.
RoslynAnalysisRunner has terminated.
Mono: successfully reloaded assembly
- Completed reload, in  0.942 seconds
Platform modules already initialized, skipping
Refreshing native plugins compatible for Editor in 0.21 ms, found 0 plugins.
Preloading 0 native plugins for Editor in 0.00 ms.
Unloading 1176 Unused Serialized files (Serialized files now loaded: 0)
System memory in use before: 65.1 MB.
System memory in use after: 63.6 MB.

Unloading 31 unused Assets to reduce memory usage. Loaded Objects now: 1698.
Total: 2.471600 ms (FindLiveObjects: 0.146900 ms CreateObjectMapping: 0.042600 ms MarkObjects: 1.682800 ms  DeleteObjects: 0.597800 ms)

========================================================================
Received Prepare
Registering precompiled user dll's ...
Registered in 0.000720 seconds.
Begin MonoManager ReloadAssembly
Native extension for LinuxStandalone target not found
Native extension for WindowsStandalone target not found
Native extension for WebGL target not found
Refreshing native plugins compatible for Editor in 0.39 ms, found 0 plugins.
Preloading 0 native plugins for Editor in 0.00 ms.
Invoked RoslynAnalysisRunner static constructor.
RoslynAnalysisRunner will not be running.
RoslynAnalysisRunner has terminated.
Mono: successfully reloaded assembly
- Completed reload, in  1.366 seconds
Platform modules already initialized, skipping
Refreshing native plugins compatible for Editor in 0.51 ms, found 0 plugins.
Preloading 0 native plugins for Editor in 0.00 ms.
Unloading 1179 Unused Serialized files (Serialized files now loaded: 0)
System memory in use before: 65.3 MB.
System memory in use after: 63.7 MB.

Unloading 31 unused Assets to reduce memory usage. Loaded Objects now: 1700.
Total: 491.058600 ms (FindLiveObjects: 0.239000 ms CreateObjectMapping: 0.079800 ms MarkObjects: 484.150000 ms  DeleteObjects: 6.587600 ms)

========================================================================
Received Prepare
Refreshing native plugins compatible for Editor in 1.71 ms, found 0 plugins.
Preloading 0 native plugins for Editor in 0.00 ms.
Unloading 29 Unused Serialized files (Serialized files now loaded: 0)
System memory in use before: 42.6 MB.
System memory in use after: 41.0 MB.

Unloading 29 unused Assets to reduce memory usage. Loaded Objects now: 1700.
Total: 8.829900 ms (FindLiveObjects: 0.512000 ms CreateObjectMapping: 0.088100 ms MarkObjects: 5.279100 ms  DeleteObjects: 2.948200 ms)

========================================================================
Received Prepare
Refreshing native plugins compatible for Editor in 0.82 ms, found 0 plugins.
Preloading 0 native plugins for Editor in 0.00 ms.
Unloading 29 Unused Serialized files (Serialized files now loaded: 0)
System memory in use before: 42.6 MB.
System memory in use after: 41.1 MB.

Unloading 29 unused Assets to reduce memory usage. Loaded Objects now: 1700.
Total: 3.023300 ms (FindLiveObjects: 0.262700 ms CreateObjectMapping: 0.079200 ms MarkObjects: 1.969000 ms  DeleteObjects: 0.710700 ms)

========================================================================
Received Prepare
Refreshing native plugins compatible for Editor in 0.80 ms, found 0 plugins.
Preloading 0 native plugins for Editor in 0.00 ms.
Unloading 29 Unused Serialized files (Serialized files now loaded: 0)
System memory in use before: 42.7 MB.
System memory in use after: 41.2 MB.

Unloading 29 unused Assets to reduce memory usage. Loaded Objects now: 1700.
Total: 3.236700 ms (FindLiveObjects: 0.325800 ms CreateObjectMapping: 0.096200 ms MarkObjects: 2.191800 ms  DeleteObjects: 0.620700 ms)

========================================================================
Received Prepare
Registering precompiled user dll's ...
Registered in 0.001085 seconds.
Begin MonoManager ReloadAssembly
Native extension for LinuxStandalone target not found
Native extension for WindowsStandalone target not found
Native extension for WebGL target not found
Refreshing native plugins compatible for Editor in 0.19 ms, found 0 plugins.
Preloading 0 native plugins for Editor in 0.00 ms.
Invoked RoslynAnalysisRunner static constructor.
RoslynAnalysisRunner will not be running.
RoslynAnalysisRunner has terminated.
Mono: successfully reloaded assembly
- Completed reload, in  0.904 seconds
Platform modules already initialized, skipping
Refreshing native plugins compatible for Editor in 0.19 ms, found 0 plugins.
Preloading 0 native plugins for Editor in 0.00 ms.
Unloading 1058 Unused Serialized files (Serialized files now loaded: 0)
System memory in use before: 63.1 MB.
System memory in use after: 61.6 MB.

Unloading 31 unused Assets to reduce memory usage. Loaded Objects now: 1702.
Total: 2.582100 ms (FindLiveObjects: 0.201000 ms CreateObjectMapping: 0.052700 ms MarkObjects: 1.686200 ms  DeleteObjects: 0.641400 ms)

========================================================================
Received Import Request.
  Time since last request: 2000.171914 seconds.
  path: Assets/Scenes/CricketSettings.lighting
  artifactKey: Guid(170e26d0b2edeea42b2121f16f566f21) Importer(815301076,1909f56bfc062723c751e8b465ee728b)
Start importing Assets/Scenes/CricketSettings.lighting using Guid(170e26d0b2edeea42b2121f16f566f21) Importer(815301076,1909f56bfc062723c751e8b465ee728b) LightingSettings: switching bake backend from 1 to 0.
 -> (artifact id: '9961949f67b19af51ebcc66d10f57ebb') in 0.021494 seconds
  Import took 0.024373 seconds .

========================================================================
Received Import Request.
  Time since last request: 0.004876 seconds.
  path: Assets/Scenes/CricketSettings.lighting
  artifactKey: Guid(170e26d0b2edeea42b2121f16f566f21) Importer(815301076,1909f56bfc062723c751e8b465ee728b)
Start importing Assets/Scenes/CricketSettings.lighting using Guid(170e26d0b2edeea42b2121f16f566f21) Importer(815301076,1909f56bfc062723c751e8b465ee728b) LightingSettings: switching bake backend from 1 to 0.
 -> (artifact id: '9961949f67b19af51ebcc66d10f57ebb') in 0.004967 seconds
  Import took 0.007305 seconds .

========================================================================
Received Import Request.
  Time since last request: 1.326766 seconds.
  path: Assets/Scenes/Cricket.unity
  artifactKey: Guid(2b6049f7a7c575e4e9f9ab550546426d) Importer(815301076,1909f56bfc062723c751e8b465ee728b)
Start importing Assets/Scenes/Cricket.unity using Guid(2b6049f7a7c575e4e9f9ab550546426d) Importer(815301076,1909f56bfc062723c751e8b465ee728b)  -> (artifact id: '578b6f8e2d0840b0aedf29fcf215a303') in 0.007740 seconds
  Import took 0.010360 seconds .

========================================================================
Received Import Request.
  Time since last request: 4.720783 seconds.
  path: Assets/Scenes/Football.unity
  artifactKey: Guid(f495e3c2051576d45922b00823075aac) Importer(815301076,1909f56bfc062723c751e8b465ee728b)
Start importing Assets/Scenes/Football.unity using Guid(f495e3c2051576d45922b00823075aac) Importer(815301076,1909f56bfc062723c751e8b465ee728b)  -> (artifact id: '2806d21a7643959070138d1dd46f7249') in 0.008366 seconds
  Import took 0.010662 seconds .

========================================================================
Received Import Request.
  Time since last request: 9.979143 seconds.
  path: Assets/Scenes/Kayak.unity
  artifactKey: Guid(2cda990e2423bbf4892e6590ba056729) Importer(815301076,1909f56bfc062723c751e8b465ee728b)
Start importing Assets/Scenes/Kayak.unity using Guid(2cda990e2423bbf4892e6590ba056729) Importer(815301076,1909f56bfc062723c751e8b465ee728b)  -> (artifact id: '63159cb1995806ea4211227f0cc65912') in 0.009241 seconds
  Import took 0.011902 seconds .

========================================================================
Received Import Request.
  Time since last request: 0.000596 seconds.
  path: Assets/Scenes/Kayak.unity
  artifactKey: Guid(2cda990e2423bbf4892e6590ba056729) Importer(815301076,1909f56bfc062723c751e8b465ee728b)
Start importing Assets/Scenes/Kayak.unity using Guid(2cda990e2423bbf4892e6590ba056729) Importer(815301076,1909f56bfc062723c751e8b465ee728b)  -> (artifact id: '63159cb1995806ea4211227f0cc65912') in 0.003052 seconds
  Import took 0.005836 seconds .

========================================================================
Received Prepare
Registering precompiled user dll's ...
Registered in 0.000697 seconds.
Begin MonoManager ReloadAssembly
Native extension for LinuxStandalone target not found
Native extension for WindowsStandalone target not found
Native extension for WebGL target not found
Refreshing native plugins compatible for Editor in 0.30 ms, found 0 plugins.
Preloading 0 native plugins for Editor in 0.00 ms.
Invoked RoslynAnalysisRunner static constructor.
RoslynAnalysisRunner will not be running.
RoslynAnalysisRunner has terminated.
Mono: successfully reloaded assembly
- Completed reload, in  0.942 seconds
Platform modules already initialized, skipping
Refreshing native plugins compatible for Editor in 0.32 ms, found 0 plugins.
Preloading 0 native plugins for Editor in 0.00 ms.
Unloading 938 Unused Serialized files (Serialized files now loaded: 0)
System memory in use before: 57.3 MB.
System memory in use after: 57.4 MB.

Unloading 4 unused Assets to reduce memory usage. Loaded Objects now: 1704.
Total: 2.512400 ms (FindLiveObjects: 0.159100 ms CreateObjectMapping: 0.044600 ms MarkObjects: 2.270700 ms  DeleteObjects: 0.036900 ms)

========================================================================
Received Prepare
Registering precompiled user dll's ...
Registered in 0.000982 seconds.
Begin MonoManager ReloadAssembly
Native extension for LinuxStandalone target not found
Native extension for WindowsStandalone target not found
Native extension for WebGL target not found
Refreshing native plugins compatible for Editor in 0.17 ms, found 0 plugins.
Preloading 0 native plugins for Editor in 0.00 ms.
Invoked RoslynAnalysisRunner static constructor.
RoslynAnalysisRunner will not be running.
RoslynAnalysisRunner has terminated.
Mono: successfully reloaded assembly
- Completed reload, in  0.888 seconds
Platform modules already initialized, skipping
Refreshing native plugins compatible for Editor in 0.17 ms, found 0 plugins.
Preloading 0 native plugins for Editor in 0.00 ms.
Unloading 938 Unused Serialized files (Serialized files now loaded: 0)
System memory in use before: 57.4 MB.
System memory in use after: 57.5 MB.

Unloading 4 unused Assets to reduce memory usage. Loaded Objects now: 1706.
Total: 1.679100 ms (FindLiveObjects: 0.156500 ms CreateObjectMapping: 0.046200 ms MarkObjects: 1.457800 ms  DeleteObjects: 0.016900 ms)

========================================================================
Received Prepare
Registering precompiled user dll's ...
Registered in 0.000694 seconds.
Begin MonoManager ReloadAssembly
Native extension for LinuxStandalone target not found
Native extension for WindowsStandalone target not found
Native extension for WebGL target not found
Refreshing native plugins compatible for Editor in 0.17 ms, found 0 plugins.
Preloading 0 native plugins for Editor in 0.00 ms.
Invoked RoslynAnalysisRunner static constructor.
RoslynAnalysisRunner will not be running.
RoslynAnalysisRunner has terminated.
Mono: successfully reloaded assembly
- Completed reload, in  0.906 seconds
Platform modules already initialized, skipping
Refreshing native plugins compatible for Editor in 0.17 ms, found 0 plugins.
Preloading 0 native plugins for Editor in 0.00 ms.
Unloading 938 Unused Serialized files (Serialized files now loaded: 0)
System memory in use before: 57.5 MB.
System memory in use after: 57.6 MB.

Unloading 4 unused Assets to reduce memory usage. Loaded Objects now: 1708.
Total: 1.707100 ms (FindLiveObjects: 0.148900 ms CreateObjectMapping: 0.039800 ms MarkObjects: 1.503000 ms  DeleteObjects: 0.014400 ms)

========================================================================
Received Prepare
Registering precompiled user dll's ...
Registered in 0.000713 seconds.
Begin MonoManager ReloadAssembly
Native extension for LinuxStandalone target not found
Native extension for WindowsStandalone target not found
Native extension for WebGL target not found
Refreshing native plugins compatible for Editor in 0.17 ms, found 0 plugins.
Preloading 0 native plugins for Editor in 0.00 ms.
Invoked RoslynAnalysisRunner static constructor.
RoslynAnalysisRunner will not be running.
RoslynAnalysisRunner has terminated.
Mono: successfully reloaded assembly
- Completed reload, in  0.908 seconds
Platform modules already initialized, skipping
Refreshing native plugins compatible for Editor in 0.29 ms, found 0 plugins.
Preloading 0 native plugins for Editor in 0.00 ms.
Unloading 938 Unused Serialized files (Serialized files now loaded: 0)
System memory in use before: 57.6 MB.
System memory in use after: 57.7 MB.

Unloading 4 unused Assets to reduce memory usage. Loaded Objects now: 1710.
Total: 2.783000 ms (FindLiveObjects: 0.258500 ms CreateObjectMapping: 0.060600 ms MarkObjects: 2.436000 ms  DeleteObjects: 0.025900 ms)

========================================================================
Received Prepare
Registering precompiled user dll's ...
Registered in 0.001080 seconds.
Begin MonoManager ReloadAssembly
Native extension for LinuxStandalone target not found
Native extension for WindowsStandalone target not found
Native extension for WebGL target not found
Refreshing native plugins compatible for Editor in 0.19 ms, found 0 plugins.
Preloading 0 native plugins for Editor in 0.00 ms.
Invoked RoslynAnalysisRunner static constructor.
RoslynAnalysisRunner will not be running.
RoslynAnalysisRunner has terminated.
Mono: successfully reloaded assembly
- Completed reload, in  1.011 seconds
Platform modules already initialized, skipping
Refreshing native plugins compatible for Editor in 0.39 ms, found 0 plugins.
Preloading 0 native plugins for Editor in 0.00 ms.
Unloading 938 Unused Serialized files (Serialized files now loaded: 0)
System memory in use before: 57.7 MB.
System memory in use after: 57.8 MB.

Unloading 4 unused Assets to reduce memory usage. Loaded Objects now: 1712.
Total: 2.670200 ms (FindLiveObjects: 0.176300 ms CreateObjectMapping: 0.052900 ms MarkObjects: 2.405200 ms  DeleteObjects: 0.034200 ms)

========================================================================
Received Prepare
Refreshing native plugins compatible for Editor in 0.92 ms, found 0 plugins.
Preloading 0 native plugins for Editor in 0.00 ms.
Unloading 2 Unused Serialized files (Serialized files now loaded: 0)
System memory in use before: 39.1 MB.
System memory in use after: 39.3 MB.

Unloading 2 unused Assets to reduce memory usage. Loaded Objects now: 1712.
Total: 1.773100 ms (FindLiveObjects: 0.155500 ms CreateObjectMapping: 0.037300 ms MarkObjects: 1.557400 ms  DeleteObjects: 0.021200 ms)

AssetImportWorkerClient::OnTransportError - code=2 error=End of file
